Flow report for proj1
Tue Jul 14 18:40:03 2020
Quartus Prime Version 20.1.0 Build 711 06/05/2020 SJ Lite Edition


---------------------
; Table of Contents ;
---------------------
  1. Legal Notice
  2. Flow Summary
  3. Flow Settings
  4. Flow Non-Default Global Settings
  5. Flow Elapsed Time
  6. Flow OS Summary
  7. Flow Log
  8. Flow Messages
  9. Flow Suppressed Messages



----------------
; Legal Notice ;
----------------
Copyright (C) 2020  Intel Corporation. All rights reserved.
Your use of Intel Corporation's design tools, logic functions 
and other software and tools, and any partner logic 
functions, and any output files from any of the foregoing 
(including device programming or simulation files), and any 
associated documentation or information are expressly subject 
to the terms and conditions of the Intel Program License 
Subscription Agreement, the Intel Quartus Prime License Agreement,
the Intel FPGA IP License Agreement, or other applicable license
agreement, including, without limitation, that your use is for
the sole purpose of programming logic devices manufactured by
Intel and sold by Intel or its authorized distributors.  Please
refer to the applicable agreement for further details, at
https://fpgasoftware.intel.com/eula.



+---------------------------------------------------------------------+
; Flow Summary                                                        ;
+-----------------------+---------------------------------------------+
; Flow Status           ; Flow Failed - Tue Jul 14 18:40:03 2020      ;
; Quartus Prime Version ; 20.1.0 Build 711 06/05/2020 SJ Lite Edition ;
; Revision Name         ; proj1                                       ;
; Top-level Entity Name ; proj1                                       ;
; Family                ; MAX II                                      ;
; Total logic elements  ; 7,237                                       ;
; Total pins            ; 27                                          ;
; Total virtual pins    ; 0                                           ;
; UFM blocks            ; 0                                           ;
+-----------------------+---------------------------------------------+


+-----------------------------------------+
; Flow Settings                           ;
+-------------------+---------------------+
; Option            ; Setting             ;
+-------------------+---------------------+
; Start date & time ; 07/14/2020 18:39:48 ;
; Main task         ; Compilation         ;
; Revision Name     ; proj1               ;
+-------------------+---------------------+


+-------------------------------------------------------------------------------------------------------+
; Flow Non-Default Global Settings                                                                      ;
+--------------------------+---------------------------------+---------------+-------------+------------+
; Assignment Name          ; Value                           ; Default Value ; Entity Name ; Section Id ;
+--------------------------+---------------------------------+---------------+-------------+------------+
; COMPILER_SIGNATURE_ID    ; 238368712555040.159476638712312 ; --            ; --          ; --         ;
; PROJECT_OUTPUT_DIRECTORY ; output_files                    ; --            ; --          ; --         ;
+--------------------------+---------------------------------+---------------+-------------+------------+


+--------------------------------------------------------------------------------------------------------------------------+
; Flow Elapsed Time                                                                                                        ;
+----------------------+--------------+-------------------------+---------------------+------------------------------------+
; Module Name          ; Elapsed Time ; Average Processors Used ; Peak Virtual Memory ; Total CPU Time (on all processors) ;
+----------------------+--------------+-------------------------+---------------------+------------------------------------+
; Analysis & Synthesis ; 00:00:11     ; 1.0                     ; 4729 MB             ; 00:00:20                           ;
; Fitter               ; 00:00:03     ; 1.0                     ; 4863 MB             ; 00:00:00                           ;
; Total                ; 00:00:14     ; --                      ; --                  ; 00:00:20                           ;
+----------------------+--------------+-------------------------+---------------------+------------------------------------+


+------------------------------------------------------------------------------------+
; Flow OS Summary                                                                    ;
+----------------------+------------------+------------+------------+----------------+
; Module Name          ; Machine Hostname ; OS Name    ; OS Version ; Processor type ;
+----------------------+------------------+------------+------------+----------------+
; Analysis & Synthesis ; Johns-Desktop    ; Windows 10 ; 10.0       ; x86_64         ;
; Fitter               ; Johns-Desktop    ; Windows 10 ; 10.0       ; x86_64         ;
+----------------------+------------------+------------+------------+----------------+


------------
; Flow Log ;
------------
quartus_map --read_settings_files=on --write_settings_files=off proj1 -c proj1
quartus_fit --read_settings_files=off --write_settings_files=off proj1 -c proj1



