Analysis & Synthesis report for proj1
Tue Jul 14 18:39:58 2020
Quartus Prime Version 20.1.0 Build 711 06/05/2020 SJ Lite Edition


---------------------
; Table of Contents ;
---------------------
  1. Legal Notice
  2. Analysis & Synthesis Summary
  3. Analysis & Synthesis Settings
  4. Parallel Compilation
  5. Analysis & Synthesis Source Files Read
  6. Analysis & Synthesis Resource Usage Summary
  7. Analysis & Synthesis Resource Utilization by Entity
  8. State Machine - |proj1|ctr:c1|reg_state
  9. User-Specified and Inferred Latches
 10. Registers Removed During Synthesis
 11. General Register Statistics
 12. Multiplexer Restructuring Statistics (Restructuring Performed)
 13. Parameter Settings for User Entity Instance: ctr:c1
 14. Analysis & Synthesis Messages



----------------
; Legal Notice ;
----------------
Copyright (C) 2020  Intel Corporation. All rights reserved.
Your use of Intel Corporation's design tools, logic functions 
and other software and tools, and any partner logic 
functions, and any output files from any of the foregoing 
(including device programming or simulation files), and any 
associated documentation or information are expressly subject 
to the terms and conditions of the Intel Program License 
Subscription Agreement, the Intel Quartus Prime License Agreement,
the Intel FPGA IP License Agreement, or other applicable license
agreement, including, without limitation, that your use is for
the sole purpose of programming logic devices manufactured by
Intel and sold by Intel or its authorized distributors.  Please
refer to the applicable agreement for further details, at
https://fpgasoftware.intel.com/eula.



+---------------------------------------------------------------------------+
; Analysis & Synthesis Summary                                              ;
+-----------------------------+---------------------------------------------+
; Analysis & Synthesis Status ; Successful - Tue Jul 14 18:39:58 2020       ;
; Quartus Prime Version       ; 20.1.0 Build 711 06/05/2020 SJ Lite Edition ;
; Revision Name               ; proj1                                       ;
; Top-level Entity Name       ; proj1                                       ;
; Family                      ; MAX II                                      ;
; Total logic elements        ; 7,237                                       ;
; Total pins                  ; 27                                          ;
; Total virtual pins          ; 0                                           ;
; UFM blocks                  ; 0 / 1 ( 0 % )                               ;
+-----------------------------+---------------------------------------------+


+------------------------------------------------------------------------------------------------------------+
; Analysis & Synthesis Settings                                                                              ;
+------------------------------------------------------------------+--------------------+--------------------+
; Option                                                           ; Setting            ; Default Value      ;
+------------------------------------------------------------------+--------------------+--------------------+
; Top-level entity name                                            ; proj1              ; proj1              ;
; Family name                                                      ; MAX II             ; Cyclone V          ;
; Use smart compilation                                            ; Off                ; Off                ;
; Enable parallel Assembler and Timing Analyzer during compilation ; On                 ; On                 ;
; Enable compact report table                                      ; Off                ; Off                ;
; Restructure Multiplexers                                         ; Auto               ; Auto               ;
; Create Debugging Nodes for IP Cores                              ; Off                ; Off                ;
; Preserve fewer node names                                        ; On                 ; On                 ;
; Intel FPGA IP Evaluation Mode                                    ; Enable             ; Enable             ;
; Verilog Version                                                  ; Verilog_2001       ; Verilog_2001       ;
; VHDL Version                                                     ; VHDL_1993          ; VHDL_1993          ;
; State Machine Processing                                         ; Auto               ; Auto               ;
; Safe State Machine                                               ; Off                ; Off                ;
; Extract Verilog State Machines                                   ; On                 ; On                 ;
; Extract VHDL State Machines                                      ; On                 ; On                 ;
; Ignore Verilog initial constructs                                ; Off                ; Off                ;
; Iteration limit for constant Verilog loops                       ; 5000               ; 5000               ;
; Iteration limit for non-constant Verilog loops                   ; 250                ; 250                ;
; Add Pass-Through Logic to Inferred RAMs                          ; On                 ; On                 ;
; Infer RAMs from Raw Logic                                        ; On                 ; On                 ;
; Parallel Synthesis                                               ; On                 ; On                 ;
; NOT Gate Push-Back                                               ; On                 ; On                 ;
; Power-Up Don't Care                                              ; On                 ; On                 ;
; Remove Redundant Logic Cells                                     ; Off                ; Off                ;
; Remove Duplicate Registers                                       ; On                 ; On                 ;
; Ignore CARRY Buffers                                             ; Off                ; Off                ;
; Ignore CASCADE Buffers                                           ; Off                ; Off                ;
; Ignore GLOBAL Buffers                                            ; Off                ; Off                ;
; Ignore ROW GLOBAL Buffers                                        ; Off                ; Off                ;
; Ignore LCELL Buffers                                             ; Off                ; Off                ;
; Ignore SOFT Buffers                                              ; On                 ; On                 ;
; Limit AHDL Integers to 32 Bits                                   ; Off                ; Off                ;
; Optimization Technique                                           ; Balanced           ; Balanced           ;
; Carry Chain Length                                               ; 70                 ; 70                 ;
; Auto Carry Chains                                                ; On                 ; On                 ;
; Auto Open-Drain Pins                                             ; On                 ; On                 ;
; Perform WYSIWYG Primitive Resynthesis                            ; Off                ; Off                ;
; Auto Shift Register Replacement                                  ; Auto               ; Auto               ;
; Allow Shift Register Merging across Hierarchies                  ; Auto               ; Auto               ;
; Auto Clock Enable Replacement                                    ; On                 ; On                 ;
; Allow Synchronous Control Signals                                ; On                 ; On                 ;
; Force Use of Synchronous Clear Signals                           ; Off                ; Off                ;
; Auto Resource Sharing                                            ; Off                ; Off                ;
; Use LogicLock Constraints during Resource Balancing              ; On                 ; On                 ;
; Ignore translate_off and synthesis_off directives                ; Off                ; Off                ;
; Report Parameter Settings                                        ; On                 ; On                 ;
; Report Source Assignments                                        ; On                 ; On                 ;
; Report Connectivity Checks                                       ; On                 ; On                 ;
; Ignore Maximum Fan-Out Assignments                               ; Off                ; Off                ;
; Synchronization Register Chain Length                            ; 2                  ; 2                  ;
; Power Optimization During Synthesis                              ; Normal compilation ; Normal compilation ;
; HDL message level                                                ; Level2             ; Level2             ;
; Suppress Register Optimization Related Messages                  ; Off                ; Off                ;
; Number of Removed Registers Reported in Synthesis Report         ; 5000               ; 5000               ;
; Number of Swept Nodes Reported in Synthesis Report               ; 5000               ; 5000               ;
; Number of Inverted Registers Reported in Synthesis Report        ; 100                ; 100                ;
; Clock MUX Protection                                             ; On                 ; On                 ;
; Block Design Naming                                              ; Auto               ; Auto               ;
; Synthesis Effort                                                 ; Auto               ; Auto               ;
; Shift Register Replacement - Allow Asynchronous Clear Signal     ; On                 ; On                 ;
; Analysis & Synthesis Message Level                               ; Medium             ; Medium             ;
; Disable Register Merging Across Hierarchies                      ; Auto               ; Auto               ;
+------------------------------------------------------------------+--------------------+--------------------+


+------------------------------------------+
; Parallel Compilation                     ;
+----------------------------+-------------+
; Processors                 ; Number      ;
+----------------------------+-------------+
; Number detected on machine ; 8           ;
; Maximum allowed            ; 4           ;
;                            ;             ;
; Average used               ; 1.00        ;
; Maximum used               ; 1           ;
;                            ;             ;
; Usage by Processor         ; % Time Used ;
;     Processor 1            ; 100.0%      ;
+----------------------------+-------------+


+-------------------------------------------------------------------------------------------------------------------------------------+
; Analysis & Synthesis Source Files Read                                                                                              ;
+----------------------------------+-----------------+------------------------------+---------------------------------------+---------+
; File Name with User-Entered Path ; Used in Netlist ; File Type                    ; File Name with Absolute Path          ; Library ;
+----------------------------------+-----------------+------------------------------+---------------------------------------+---------+
; proj1.v                          ; yes             ; Auto-Found Verilog HDL File  ; D:/Users/Johnathan/simple_cpu/proj1.v ;         ;
; mem.dat                          ; yes             ; Auto-Found Unspecified File  ; D:/Users/Johnathan/simple_cpu/mem.dat ;         ;
+----------------------------------+-----------------+------------------------------+---------------------------------------+---------+


+------------------------------------------------------------------------------------------------+
; Analysis & Synthesis Resource Usage Summary                                                    ;
+---------------------------------------------+--------------------------------------------------+
; Resource                                    ; Usage                                            ;
+---------------------------------------------+--------------------------------------------------+
; Total logic elements                        ; 7237                                             ;
;     -- Combinational with no register       ; 7160                                             ;
;     -- Register only                        ; 0                                                ;
;     -- Combinational with a register        ; 77                                               ;
;                                             ;                                                  ;
; Logic element usage by number of LUT inputs ;                                                  ;
;     -- 4 input functions                    ; 2784                                             ;
;     -- 3 input functions                    ; 4403                                             ;
;     -- 2 input functions                    ; 48                                               ;
;     -- 1 input functions                    ; 2                                                ;
;     -- 0 input functions                    ; 0                                                ;
;                                             ;                                                  ;
; Logic elements by mode                      ;                                                  ;
;     -- normal mode                          ; 7215                                             ;
;     -- arithmetic mode                      ; 22                                               ;
;     -- qfbk mode                            ; 0                                                ;
;     -- register cascade mode                ; 0                                                ;
;     -- synchronous clear/load mode          ; 33                                               ;
;     -- asynchronous clear/load mode         ; 0                                                ;
;                                             ;                                                  ;
; Total registers                             ; 77                                               ;
; Total logic cells in carry chains           ; 24                                               ;
; I/O pins                                    ; 27                                               ;
; Maximum fan-out node                        ; datapath:datapath|registers:registers|MAR_reg[2] ;
; Maximum fan-out                             ; 536                                              ;
; Total fan-out                               ; 24658                                            ;
; Average fan-out                             ; 3.39                                             ;
+---------------------------------------------+--------------------------------------------------+


+--------------------------------------------------------------------------------------------------------------------------------------------------------------------------------------------------------------------------------------------------------------+
; Analysis & Synthesis Resource Utilization by Entity                                                                                                                                                                                                          ;
+-----------------------------+-------------+--------------+------------+------+--------------+--------------+-------------------+------------------+-----------------+------------+----------------------------------------------+-------------+--------------+
; Compilation Hierarchy Node  ; Logic Cells ; LC Registers ; UFM Blocks ; Pins ; Virtual Pins ; LUT-Only LCs ; Register-Only LCs ; LUT/Register LCs ; Carry Chain LCs ; Packed LCs ; Full Hierarchy Name                          ; Entity Name ; Library Name ;
+-----------------------------+-------------+--------------+------------+------+--------------+--------------+-------------------+------------------+-----------------+------------+----------------------------------------------+-------------+--------------+
; |proj1                      ; 7237 (256)  ; 77           ; 0          ; 27   ; 0            ; 7160 (256)   ; 0 (0)             ; 77 (0)           ; 24 (0)          ; 0 (0)      ; |proj1                                       ; proj1       ; work         ;
;    |ctr:c1|                 ; 17 (17)     ; 12           ; 0          ; 0    ; 0            ; 5 (5)        ; 0 (0)             ; 12 (12)          ; 0 (0)           ; 0 (0)      ; |proj1|ctr:c1                                ; ctr         ; work         ;
;    |datapath:datapath|      ; 100 (13)    ; 65           ; 0          ; 0    ; 0            ; 35 (13)      ; 0 (0)             ; 65 (0)           ; 24 (8)          ; 0 (0)      ; |proj1|datapath:datapath                     ; datapath    ; work         ;
;       |alu:alu|             ; 16 (16)     ; 0            ; 0          ; 0    ; 0            ; 16 (16)      ; 0 (0)             ; 0 (0)            ; 16 (16)         ; 0 (0)      ; |proj1|datapath:datapath|alu:alu             ; alu         ; work         ;
;       |registers:registers| ; 71 (71)     ; 65           ; 0          ; 0    ; 0            ; 6 (6)        ; 0 (0)             ; 65 (65)          ; 0 (0)           ; 0 (0)      ; |proj1|datapath:datapath|registers:registers ; registers   ; work         ;
;    |ram:r1|                 ; 6864 (6864) ; 0            ; 0          ; 0    ; 0            ; 6864 (6864)  ; 0 (0)             ; 0 (0)            ; 0 (0)           ; 0 (0)      ; |proj1|ram:r1                                ; ram         ; work         ;
+-----------------------------+-------------+--------------+------------+------+--------------+--------------+-------------------+------------------+-----------------+------------+----------------------------------------------+-------------+--------------+
Note: For table entries with two numbers listed, the numbers in parentheses indicate the number of resources of the given type used by the specific entity alone. The numbers listed outside of parentheses indicate the total resources of the given type used by the specific entity and all of its sub-entities in the hierarchy.


Encoding Type:  One-Hot
+---------------------------------------------------------------------------------------------------------------------------------------------------------------------------------------------------------------------------------------------------------------------------------------+
; State Machine - |proj1|ctr:c1|reg_state                                                                                                                                                                                                                                               ;
+-----------------------+--------------------+-----------------------+----------------------+----------------------+--------------------+--------------------+---------------------+---------------------+------------------+-------------------+-------------------+-------------------+
; Name                  ; reg_state.ExecJump ; reg_state.ExecStore_1 ; reg_state.ExecLoad_2 ; reg_state.ExecLoad_1 ; reg_state.ExecOR_2 ; reg_state.ExecOR_1 ; reg_state.ExecADD_2 ; reg_state.ExecADD_1 ; reg_state.Decode ; reg_state.Fetch_3 ; reg_state.Fetch_2 ; reg_state.Fetch_1 ;
+-----------------------+--------------------+-----------------------+----------------------+----------------------+--------------------+--------------------+---------------------+---------------------+------------------+-------------------+-------------------+-------------------+
; reg_state.Fetch_1     ; 0                  ; 0                     ; 0                    ; 0                    ; 0                  ; 0                  ; 0                   ; 0                   ; 0                ; 0                 ; 0                 ; 0                 ;
; reg_state.Fetch_2     ; 0                  ; 0                     ; 0                    ; 0                    ; 0                  ; 0                  ; 0                   ; 0                   ; 0                ; 0                 ; 1                 ; 1                 ;
; reg_state.Fetch_3     ; 0                  ; 0                     ; 0                    ; 0                    ; 0                  ; 0                  ; 0                   ; 0                   ; 0                ; 1                 ; 0                 ; 1                 ;
; reg_state.Decode      ; 0                  ; 0                     ; 0                    ; 0                    ; 0                  ; 0                  ; 0                   ; 0                   ; 1                ; 0                 ; 0                 ; 1                 ;
; reg_state.ExecADD_1   ; 0                  ; 0                     ; 0                    ; 0                    ; 0                  ; 0                  ; 0                   ; 1                   ; 0                ; 0                 ; 0                 ; 1                 ;
; reg_state.ExecADD_2   ; 0                  ; 0                     ; 0                    ; 0                    ; 0                  ; 0                  ; 1                   ; 0                   ; 0                ; 0                 ; 0                 ; 1                 ;
; reg_state.ExecOR_1    ; 0                  ; 0                     ; 0                    ; 0                    ; 0                  ; 1                  ; 0                   ; 0                   ; 0                ; 0                 ; 0                 ; 1                 ;
; reg_state.ExecOR_2    ; 0                  ; 0                     ; 0                    ; 0                    ; 1                  ; 0                  ; 0                   ; 0                   ; 0                ; 0                 ; 0                 ; 1                 ;
; reg_state.ExecLoad_1  ; 0                  ; 0                     ; 0                    ; 1                    ; 0                  ; 0                  ; 0                   ; 0                   ; 0                ; 0                 ; 0                 ; 1                 ;
; reg_state.ExecLoad_2  ; 0                  ; 0                     ; 1                    ; 0                    ; 0                  ; 0                  ; 0                   ; 0                   ; 0                ; 0                 ; 0                 ; 1                 ;
; reg_state.ExecStore_1 ; 0                  ; 1                     ; 0                    ; 0                    ; 0                  ; 0                  ; 0                   ; 0                   ; 0                ; 0                 ; 0                 ; 1                 ;
; reg_state.ExecJump    ; 1                  ; 0                     ; 0                    ; 0                    ; 0                  ; 0                  ; 0                   ; 0                   ; 0                ; 0                 ; 0                 ; 1                 ;
+-----------------------+--------------------+-----------------------+----------------------+----------------------+--------------------+--------------------+---------------------+---------------------+------------------+-------------------+-------------------+-------------------+


+---------------------------------------------------------------------------------------------------------------+
; User-Specified and Inferred Latches                                                                           ;
+-------------------------------------------------------+------------------------------+------------------------+
; Latch Name                                            ; Latch Enable Signal          ; Free of Timing Hazards ;
+-------------------------------------------------------+------------------------------+------------------------+
; ram:r1|dout[0]                                        ; ctr:c1|reg_state.ExecStore_1 ; yes                    ;
; ram:r1|dout[1]                                        ; ctr:c1|reg_state.ExecStore_1 ; yes                    ;
; ram:r1|dout[2]                                        ; ctr:c1|reg_state.ExecStore_1 ; yes                    ;
; ram:r1|dout[3]                                        ; ctr:c1|reg_state.ExecStore_1 ; yes                    ;
; ram:r1|dout[4]                                        ; ctr:c1|reg_state.ExecStore_1 ; yes                    ;
; ram:r1|dout[5]                                        ; ctr:c1|reg_state.ExecStore_1 ; yes                    ;
; ram:r1|dout[6]                                        ; ctr:c1|reg_state.ExecStore_1 ; yes                    ;
; ram:r1|dout[7]                                        ; ctr:c1|reg_state.ExecStore_1 ; yes                    ;
; ram:r1|dout[8]                                        ; ctr:c1|reg_state.ExecStore_1 ; yes                    ;
; ram:r1|dout[9]                                        ; ctr:c1|reg_state.ExecStore_1 ; yes                    ;
; ram:r1|dout[10]                                       ; ctr:c1|reg_state.ExecStore_1 ; yes                    ;
; ram:r1|dout[11]                                       ; ctr:c1|reg_state.ExecStore_1 ; yes                    ;
; ram:r1|dout[12]                                       ; ctr:c1|reg_state.ExecStore_1 ; yes                    ;
; ram:r1|dout[13]                                       ; ctr:c1|reg_state.ExecStore_1 ; yes                    ;
; ram:r1|dout[14]                                       ; ctr:c1|reg_state.ExecStore_1 ; yes                    ;
; ram:r1|dout[15]                                       ; ctr:c1|reg_state.ExecStore_1 ; yes                    ;
; ram:r1|mem~1360                                       ; rtl~0                        ; yes                    ;
; ram:r1|mem~1424                                       ; rtl~1                        ; yes                    ;
; ram:r1|mem~1296                                       ; rtl~2                        ; yes                    ;
; ram:r1|mem~1488                                       ; rtl~3                        ; yes                    ;
; ram:r1|mem~2448                                       ; rtl~4                        ; yes                    ;
; ram:r1|mem~2384                                       ; rtl~5                        ; yes                    ;
; ram:r1|mem~2320                                       ; rtl~6                        ; yes                    ;
; ram:r1|mem~2512                                       ; rtl~7                        ; yes                    ;
; ram:r1|mem~400                                        ; rtl~8                        ; yes                    ;
; ram:r1|mem~336                                        ; rtl~9                        ; yes                    ;
; ram:r1|mem~272                                        ; rtl~10                       ; yes                    ;
; ram:r1|mem~464                                        ; rtl~11                       ; yes                    ;
; ram:r1|mem~3408                                       ; rtl~12                       ; yes                    ;
; ram:r1|mem~3472                                       ; rtl~13                       ; yes                    ;
; ram:r1|mem~3344                                       ; rtl~14                       ; yes                    ;
; ram:r1|mem~3536                                       ; rtl~15                       ; yes                    ;
; ram:r1|mem~2464                                       ; rtl~16                       ; yes                    ;
; ram:r1|mem~2400                                       ; rtl~17                       ; yes                    ;
; ram:r1|mem~2336                                       ; rtl~18                       ; yes                    ;
; ram:r1|mem~2528                                       ; rtl~19                       ; yes                    ;
; ram:r1|mem~1376                                       ; rtl~20                       ; yes                    ;
; ram:r1|mem~1440                                       ; rtl~21                       ; yes                    ;
; ram:r1|mem~1312                                       ; rtl~22                       ; yes                    ;
; ram:r1|mem~1504                                       ; rtl~23                       ; yes                    ;
; ram:r1|mem~416                                        ; rtl~24                       ; yes                    ;
; ram:r1|mem~352                                        ; rtl~25                       ; yes                    ;
; ram:r1|mem~288                                        ; rtl~26                       ; yes                    ;
; ram:r1|mem~480                                        ; rtl~27                       ; yes                    ;
; ram:r1|mem~3424                                       ; rtl~28                       ; yes                    ;
; ram:r1|mem~3488                                       ; rtl~29                       ; yes                    ;
; ram:r1|mem~3360                                       ; rtl~30                       ; yes                    ;
; ram:r1|mem~3552                                       ; rtl~31                       ; yes                    ;
; ram:r1|mem~2432                                       ; rtl~32                       ; yes                    ;
; ram:r1|mem~2368                                       ; rtl~33                       ; yes                    ;
; ram:r1|mem~2304                                       ; rtl~34                       ; yes                    ;
; ram:r1|mem~2496                                       ; rtl~35                       ; yes                    ;
; ram:r1|mem~1344                                       ; rtl~36                       ; yes                    ;
; ram:r1|mem~1408                                       ; rtl~37                       ; yes                    ;
; ram:r1|mem~1280                                       ; rtl~38                       ; yes                    ;
; ram:r1|mem~1472                                       ; rtl~39                       ; yes                    ;
; ram:r1|mem~384                                        ; rtl~40                       ; yes                    ;
; ram:r1|mem~320                                        ; rtl~41                       ; yes                    ;
; ram:r1|mem~256                                        ; rtl~42                       ; yes                    ;
; ram:r1|mem~448                                        ; rtl~43                       ; yes                    ;
; ram:r1|mem~3392                                       ; rtl~44                       ; yes                    ;
; ram:r1|mem~3456                                       ; rtl~45                       ; yes                    ;
; ram:r1|mem~3328                                       ; rtl~46                       ; yes                    ;
; ram:r1|mem~3520                                       ; rtl~47                       ; yes                    ;
; ram:r1|mem~1392                                       ; rtl~48                       ; yes                    ;
; ram:r1|mem~1456                                       ; rtl~49                       ; yes                    ;
; ram:r1|mem~1328                                       ; rtl~50                       ; yes                    ;
; ram:r1|mem~1520                                       ; rtl~51                       ; yes                    ;
; ram:r1|mem~2480                                       ; rtl~52                       ; yes                    ;
; ram:r1|mem~2416                                       ; rtl~53                       ; yes                    ;
; ram:r1|mem~2352                                       ; rtl~54                       ; yes                    ;
; ram:r1|mem~2544                                       ; rtl~55                       ; yes                    ;
; ram:r1|mem~432                                        ; rtl~56                       ; yes                    ;
; ram:r1|mem~368                                        ; rtl~57                       ; yes                    ;
; ram:r1|mem~304                                        ; rtl~58                       ; yes                    ;
; ram:r1|mem~496                                        ; rtl~59                       ; yes                    ;
; ram:r1|mem~3440                                       ; rtl~60                       ; yes                    ;
; ram:r1|mem~3504                                       ; rtl~61                       ; yes                    ;
; ram:r1|mem~3376                                       ; rtl~62                       ; yes                    ;
; ram:r1|mem~3568                                       ; rtl~63                       ; yes                    ;
; ram:r1|mem~2656                                       ; rtl~64                       ; yes                    ;
; ram:r1|mem~2640                                       ; rtl~65                       ; yes                    ;
; ram:r1|mem~2624                                       ; rtl~66                       ; yes                    ;
; ram:r1|mem~2672                                       ; rtl~67                       ; yes                    ;
; ram:r1|mem~2704                                       ; rtl~68                       ; yes                    ;
; ram:r1|mem~2720                                       ; rtl~69                       ; yes                    ;
; ram:r1|mem~2688                                       ; rtl~70                       ; yes                    ;
; ram:r1|mem~2736                                       ; rtl~71                       ; yes                    ;
; ram:r1|mem~2576                                       ; rtl~72                       ; yes                    ;
; ram:r1|mem~2592                                       ; rtl~73                       ; yes                    ;
; ram:r1|mem~2560                                       ; rtl~74                       ; yes                    ;
; ram:r1|mem~2608                                       ; rtl~75                       ; yes                    ;
; ram:r1|mem~2784                                       ; rtl~76                       ; yes                    ;
; ram:r1|mem~2768                                       ; rtl~77                       ; yes                    ;
; ram:r1|mem~2752                                       ; rtl~78                       ; yes                    ;
; ram:r1|mem~2800                                       ; rtl~79                       ; yes                    ;
; ram:r1|mem~1632                                       ; rtl~80                       ; yes                    ;
; ram:r1|mem~1696                                       ; rtl~81                       ; yes                    ;
; ram:r1|mem~1568                                       ; rtl~82                       ; yes                    ;
; ram:r1|mem~1760                                       ; rtl~83                       ; yes                    ;
; Number of user-specified and inferred latches = 4112  ;                              ;                        ;
+-------------------------------------------------------+------------------------------+------------------------+
Table restricted to first 100 entries. Note: All latches listed above may not be present at the end of synthesis due to various synthesis optimizations.


+------------------------------------------------------------+
; Registers Removed During Synthesis                         ;
+---------------------------------------+--------------------+
; Register name                         ; Reason for Removal ;
+---------------------------------------+--------------------+
; ctr:c1|reg_state~2                    ; Lost fanout        ;
; ctr:c1|reg_state~3                    ; Lost fanout        ;
; ctr:c1|reg_state~4                    ; Lost fanout        ;
; ctr:c1|reg_state~5                    ; Lost fanout        ;
; Total Number of Removed Registers = 4 ;                    ;
+---------------------------------------+--------------------+


+------------------------------------------------------+
; General Register Statistics                          ;
+----------------------------------------------+-------+
; Statistic                                    ; Value ;
+----------------------------------------------+-------+
; Total registers                              ; 77    ;
; Number of registers using Synchronous Clear  ; 33    ;
; Number of registers using Synchronous Load   ; 16    ;
; Number of registers using Asynchronous Clear ; 0     ;
; Number of registers using Asynchronous Load  ; 0     ;
; Number of registers using Clock Enable       ; 64    ;
; Number of registers using Preset             ; 0     ;
+----------------------------------------------+-------+


+-----------------------------------------------------------------------------------------------------------------------------------------------------------------------+
; Multiplexer Restructuring Statistics (Restructuring Performed)                                                                                                        ;
+--------------------+-----------+---------------+----------------------+------------------------+------------+---------------------------------------------------------+
; Multiplexer Inputs ; Bus Width ; Baseline Area ; Area if Restructured ; Saving if Restructured ; Registered ; Example Multiplexer Output                              ;
+--------------------+-----------+---------------+----------------------+------------------------+------------+---------------------------------------------------------+
; 3:1                ; 16 bits   ; 32 LEs        ; 16 LEs               ; 16 LEs                 ; Yes        ; |proj1|datapath:datapath|registers:registers|IR_reg[6]  ;
; 3:1                ; 16 bits   ; 32 LEs        ; 16 LEs               ; 16 LEs                 ; Yes        ; |proj1|datapath:datapath|registers:registers|MDR_reg[7] ;
; 4:1                ; 8 bits    ; 16 LEs        ; 16 LEs               ; 0 LEs                  ; Yes        ; |proj1|datapath:datapath|registers:registers|MAR_reg[5] ;
; 4:1                ; 8 bits    ; 16 LEs        ; 16 LEs               ; 0 LEs                  ; Yes        ; |proj1|datapath:datapath|registers:registers|PC_reg[4]  ;
; 5:1                ; 16 bits   ; 48 LEs        ; 32 LEs               ; 16 LEs                 ; Yes        ; |proj1|datapath:datapath|registers:registers|ACC_reg[6] ;
; 3:1                ; 4 bits    ; 8 LEs         ; 4 LEs                ; 4 LEs                  ; No         ; |proj1|ctr:c1|reg_state                                 ;
+--------------------+-----------+---------------+----------------------+------------------------+------------+---------------------------------------------------------+


+-----------------------------------------------------+
; Parameter Settings for User Entity Instance: ctr:c1 ;
+----------------+----------+-------------------------+
; Parameter Name ; Value    ; Type                    ;
+----------------+----------+-------------------------+
; d_width        ; 16       ; Signed Integer          ;
; addr_width     ; 8        ; Signed Integer          ;
; mem_depth      ; 256      ; Signed Integer          ;
; Fetch_1        ; 0000     ; Unsigned Binary         ;
; Fetch_2        ; 0001     ; Unsigned Binary         ;
; Fetch_3        ; 0010     ; Unsigned Binary         ;
; Decode         ; 0011     ; Unsigned Binary         ;
; ExecADD_1      ; 0100     ; Unsigned Binary         ;
; ExecADD_2      ; 0101     ; Unsigned Binary         ;
; ExecOR_1       ; 0110     ; Unsigned Binary         ;
; ExecOR_2       ; 0111     ; Unsigned Binary         ;
; ExecLoad_1     ; 1000     ; Unsigned Binary         ;
; ExecLoad_2     ; 1001     ; Unsigned Binary         ;
; ExecStore_1    ; 1010     ; Unsigned Binary         ;
; ExecStore_2    ; 1011     ; Unsigned Binary         ;
; ExecJump       ; 1100     ; Unsigned Binary         ;
; op_add         ; 00000001 ; Unsigned Binary         ;
; op_or          ; 00000010 ; Unsigned Binary         ;
; op_load        ; 00000011 ; Unsigned Binary         ;
; op_store       ; 00000100 ; Unsigned Binary         ;
; op_jump        ; 00000101 ; Unsigned Binary         ;
; op_jumpz       ; 00000110 ; Unsigned Binary         ;
+----------------+----------+-------------------------+
Note: In order to hide this table in the UI and the text report file, please set the "Show Parameter Settings in Synthesis Report" option in "Analysis and Synthesis Settings -> More Settings" to "Off".


+-------------------------------+
; Analysis & Synthesis Messages ;
+-------------------------------+
Info: *******************************************************************
Info: Running Quartus Prime Analysis & Synthesis
    Info: Version 20.1.0 Build 711 06/05/2020 SJ Lite Edition
    Info: Processing started: Tue Jul 14 18:39:47 2020
Info: Command: quartus_map --read_settings_files=on --write_settings_files=off proj1 -c proj1
Warning (18236): Number of processors has not been specified which may cause overloading on shared machines.  Set the global assignment NUM_PARALLEL_PROCESSORS in your QSF to an appropriate value for best performance.
Info (20030): Parallel compilation is enabled and will use 4 of the 4 processors detected
Warning (12125): Using design file proj1.v, which is not specified as a design file for the current project, but contains definitions for 7 design units and 7 entities in project
    Info (12023): Found entity 1: proj1 File: D:/Users/Johnathan/simple_cpu/proj1.v Line: 2
    Info (12023): Found entity 2: ram File: D:/Users/Johnathan/simple_cpu/proj1.v Line: 25
    Info (12023): Found entity 3: registers File: D:/Users/Johnathan/simple_cpu/proj1.v Line: 46
    Info (12023): Found entity 4: datapath File: D:/Users/Johnathan/simple_cpu/proj1.v Line: 85
    Info (12023): Found entity 5: ctr File: D:/Users/Johnathan/simple_cpu/proj1.v Line: 136
    Info (12023): Found entity 6: alu File: D:/Users/Johnathan/simple_cpu/proj1.v Line: 417
    Info (12023): Found entity 7: proj1_tb File: D:/Users/Johnathan/simple_cpu/proj1.v Line: 424
Warning (10236): Verilog HDL Implicit Net warning at proj1.v(15): created implicit net for "zflag" File: D:/Users/Johnathan/simple_cpu/proj1.v Line: 15
Warning (10236): Verilog HDL Implicit Net warning at proj1.v(15): created implicit net for "muxPC" File: D:/Users/Johnathan/simple_cpu/proj1.v Line: 15
Warning (10236): Verilog HDL Implicit Net warning at proj1.v(15): created implicit net for "muxMAR" File: D:/Users/Johnathan/simple_cpu/proj1.v Line: 15
Warning (10236): Verilog HDL Implicit Net warning at proj1.v(15): created implicit net for "muxACC" File: D:/Users/Johnathan/simple_cpu/proj1.v Line: 15
Warning (10236): Verilog HDL Implicit Net warning at proj1.v(15): created implicit net for "loadMAR" File: D:/Users/Johnathan/simple_cpu/proj1.v Line: 15
Warning (10236): Verilog HDL Implicit Net warning at proj1.v(15): created implicit net for "loadPC" File: D:/Users/Johnathan/simple_cpu/proj1.v Line: 15
Warning (10236): Verilog HDL Implicit Net warning at proj1.v(15): created implicit net for "loadACC" File: D:/Users/Johnathan/simple_cpu/proj1.v Line: 15
Warning (10236): Verilog HDL Implicit Net warning at proj1.v(15): created implicit net for "loadMDR" File: D:/Users/Johnathan/simple_cpu/proj1.v Line: 15
Warning (10236): Verilog HDL Implicit Net warning at proj1.v(15): created implicit net for "loadIR" File: D:/Users/Johnathan/simple_cpu/proj1.v Line: 15
Warning (10236): Verilog HDL Implicit Net warning at proj1.v(15): created implicit net for "opALU" File: D:/Users/Johnathan/simple_cpu/proj1.v Line: 15
Warning (10236): Verilog HDL Implicit Net warning at proj1.v(15): created implicit net for "MemRW" File: D:/Users/Johnathan/simple_cpu/proj1.v Line: 15
Info (12127): Elaborating entity "proj1" for the top level hierarchy
Info (12128): Elaborating entity "ram" for hierarchy "ram:r1" File: D:/Users/Johnathan/simple_cpu/proj1.v Line: 13
Warning (10240): Verilog HDL Always Construct warning at proj1.v(34): inferring latch(es) for variable "dout", which holds its previous value in one or more paths through the always construct File: D:/Users/Johnathan/simple_cpu/proj1.v Line: 34
Info (10041): Inferred latch for "dout[0]" at proj1.v(34) File: D:/Users/Johnathan/simple_cpu/proj1.v Line: 34
Info (10041): Inferred latch for "dout[1]" at proj1.v(34) File: D:/Users/Johnathan/simple_cpu/proj1.v Line: 34
Info (10041): Inferred latch for "dout[2]" at proj1.v(34) File: D:/Users/Johnathan/simple_cpu/proj1.v Line: 34
Info (10041): Inferred latch for "dout[3]" at proj1.v(34) File: D:/Users/Johnathan/simple_cpu/proj1.v Line: 34
Info (10041): Inferred latch for "dout[4]" at proj1.v(34) File: D:/Users/Johnathan/simple_cpu/proj1.v Line: 34
Info (10041): Inferred latch for "dout[5]" at proj1.v(34) File: D:/Users/Johnathan/simple_cpu/proj1.v Line: 34
Info (10041): Inferred latch for "dout[6]" at proj1.v(34) File: D:/Users/Johnathan/simple_cpu/proj1.v Line: 34
Info (10041): Inferred latch for "dout[7]" at proj1.v(34) File: D:/Users/Johnathan/simple_cpu/proj1.v Line: 34
Info (10041): Inferred latch for "dout[8]" at proj1.v(34) File: D:/Users/Johnathan/simple_cpu/proj1.v Line: 34
Info (10041): Inferred latch for "dout[9]" at proj1.v(34) File: D:/Users/Johnathan/simple_cpu/proj1.v Line: 34
Info (10041): Inferred latch for "dout[10]" at proj1.v(34) File: D:/Users/Johnathan/simple_cpu/proj1.v Line: 34
Info (10041): Inferred latch for "dout[11]" at proj1.v(34) File: D:/Users/Johnathan/simple_cpu/proj1.v Line: 34
Info (10041): Inferred latch for "dout[12]" at proj1.v(34) File: D:/Users/Johnathan/simple_cpu/proj1.v Line: 34
Info (10041): Inferred latch for "dout[13]" at proj1.v(34) File: D:/Users/Johnathan/simple_cpu/proj1.v Line: 34
Info (10041): Inferred latch for "dout[14]" at proj1.v(34) File: D:/Users/Johnathan/simple_cpu/proj1.v Line: 34
Info (10041): Inferred latch for "dout[15]" at proj1.v(34) File: D:/Users/Johnathan/simple_cpu/proj1.v Line: 34
Info (12128): Elaborating entity "ctr" for hierarchy "ctr:c1" File: D:/Users/Johnathan/simple_cpu/proj1.v Line: 15
Info (12128): Elaborating entity "datapath" for hierarchy "datapath:datapath" File: D:/Users/Johnathan/simple_cpu/proj1.v Line: 17
Warning (10230): Verilog HDL assignment warning at proj1.v(124): truncated value with size 32 to match size of target (1) File: D:/Users/Johnathan/simple_cpu/proj1.v Line: 124
Info (12128): Elaborating entity "registers" for hierarchy "datapath:datapath|registers:registers" File: D:/Users/Johnathan/simple_cpu/proj1.v Line: 131
Info (12128): Elaborating entity "alu" for hierarchy "datapath:datapath|alu:alu" File: D:/Users/Johnathan/simple_cpu/proj1.v Line: 133
Info (17049): 4 registers lost all their fanouts during netlist optimizations.
Info (21057): Implemented 7264 device resources after synthesis - the final resource count might be different
    Info (21058): Implemented 2 input pins
    Info (21059): Implemented 25 output pins
    Info (21061): Implemented 7237 logic cells
Info: Quartus Prime Analysis & Synthesis was successful. 0 errors, 15 warnings
    Info: Peak virtual memory: 4729 megabytes
    Info: Processing ended: Tue Jul 14 18:39:58 2020
    Info: Elapsed time: 00:00:11
    Info: Total CPU time (on all processors): 00:00:20


